<?xml version="1.0" encoding="UTF-8"?>
<!-- Generated by org.testng.reporters.JUnitReportReporter -->
<testsuite skipped="0" hostname="CDC2-D-6RFJH92" name="wedriver.actionclass" tests="1" failures="0" timestamp="09 Dec 2019 06:50:05 GMT" time="8.610" errors="0">
  <testcase name="f" time="8.610" classname="wedriver.actionclass"/>
</testsuite> <!-- wedriver.actionclass -->
