<?xml version="1.0" encoding="UTF-8"?>
<!-- Generated by org.testng.reporters.JUnitReportReporter -->
<testsuite skipped="0" hostname="CDC2-D-6RFJH92" name="wedriver.openbrowser" tests="1" failures="0" timestamp="06 Dec 2019 04:41:19 GMT" time="6.148" errors="0">
  <testcase name="Openbrowser" time="6.148" classname="wedriver.openbrowser"/>
</testsuite> <!-- wedriver.openbrowser -->
