<?xml version="1.0" encoding="UTF-8"?>
<!-- Generated by org.testng.reporters.JUnitReportReporter -->
<testsuite skipped="0" hostname="CDC2-D-6RFJH92" name="wedriver.ie" tests="1" failures="0" timestamp="06 Dec 2019 05:11:25 GMT" time="0.460" errors="0">
  <testcase name="f" time="0.460" classname="wedriver.ie"/>
</testsuite> <!-- wedriver.ie -->
