<?xml version="1.0" encoding="UTF-8"?>
<!-- Generated by org.testng.reporters.JUnitReportReporter -->
<testsuite skipped="0" hostname="CDC2-D-6RFJH92" name="NewTest" tests="2" failures="0" timestamp="05 Dec 2019 09:24:57 GMT" time="0.017" errors="0">
  <testcase name="mydata" time="0.015" classname="NewTest"/>
  <testcase name="mydata" time="0.002" classname="NewTest"/>
</testsuite> <!-- NewTest -->
