<?xml version="1.0" encoding="UTF-8"?>
<!-- Generated by org.testng.reporters.JUnitReportReporter -->
<testsuite skipped="0" hostname="CDC2-D-6RFJH92" name="wedriver.sce1" tests="1" failures="0" timestamp="17 Dec 2019 09:33:07 GMT" time="26.794" errors="0">
  <testcase name="f" time="26.794" classname="wedriver.sce1"/>
</testsuite> <!-- wedriver.sce1 -->
