<?xml version="1.0" encoding="UTF-8"?>
<!-- Generated by org.testng.reporters.JUnitReportReporter -->
<testsuite skipped="0" hostname="CDC2-D-6RFJH92" name="assertions.NewTest" tests="1" failures="0" timestamp="05 Dec 2019 11:50:10 GMT" time="0.014" errors="0">
  <testcase name="assertest" time="0.014" classname="assertions.NewTest"/>
</testsuite> <!-- assertions.NewTest -->
