<?xml version="1.0" encoding="UTF-8"?>
<!-- Generated by org.testng.reporters.JUnitReportReporter -->
<testsuite skipped="0" hostname="CDC2-D-6RFJH92" name="mytest2.NewTest" tests="2" failures="0" timestamp="05 Dec 2019 08:58:56 GMT" time="0.015" errors="0">
  <testcase name="googletest" time="0.012" classname="mytest2.NewTest"/>
  <testcase name="alphabettest" time="0.003" classname="mytest2.NewTest"/>
</testsuite> <!-- mytest2.NewTest -->
