<?xml version="1.0" encoding="UTF-8"?>
<!-- Generated by org.testng.reporters.JUnitReportReporter -->
<testsuite skipped="0" hostname="CDC2-D-6RFJH92" name="wedriver.act" tests="1" failures="0" timestamp="09 Dec 2019 10:25:02 GMT" time="10.546" errors="0">
  <testcase name="f" time="10.546" classname="wedriver.act"/>
</testsuite> <!-- wedriver.act -->
