<?xml version="1.0" encoding="UTF-8"?>
<!-- Generated by org.testng.reporters.JUnitReportReporter -->
<testsuite skipped="0" hostname="CDC2-D-6RFJH92" name="wedriver.swat" tests="1" failures="0" timestamp="10 Dec 2019 05:36:50 GMT" time="1.744" errors="0">
  <testcase name="f" time="1.744" classname="wedriver.swat"/>
</testsuite> <!-- wedriver.swat -->
