<?xml version="1.0" encoding="UTF-8"?>
<!-- Generated by org.testng.reporters.JUnitReportReporter -->
<testsuite skipped="0" hostname="CDC2-D-6RFJH92" name="wedriver.dropdownprgm" tests="1" failures="0" timestamp="09 Dec 2019 06:07:22 GMT" time="12.003" errors="0">
  <testcase name="f" time="12.003" classname="wedriver.dropdownprgm"/>
</testsuite> <!-- wedriver.dropdownprgm -->
