<?xml version="1.0" encoding="UTF-8"?>
<!-- Generated by org.testng.reporters.JUnitReportReporter -->
<testsuite skipped="0" hostname="CDC2-D-6RFJH92" name="mytest2.priority" tests="2" failures="0" timestamp="05 Dec 2019 11:31:15 GMT" time="0.013" errors="0">
  <testcase name="googletest" time="0.012" classname="mytest2.priority"/>
  <testcase name="alphabettest" time="0.001" classname="mytest2.priority"/>
</testsuite> <!-- mytest2.priority -->
