<?xml version="1.0" encoding="UTF-8"?>
<!-- Generated by org.testng.reporters.JUnitReportReporter -->
<testsuite skipped="0" hostname="CDC2-D-6RFJH92" name="wedriver.excel" tests="1" failures="0" timestamp="10 Dec 2019 05:23:25 GMT" time="0.697" errors="0">
  <testcase name="f" time="0.697" classname="wedriver.excel"/>
</testsuite> <!-- wedriver.excel -->
