<?xml version="1.0" encoding="UTF-8"?>
<!-- Generated by org.testng.reporters.JUnitReportReporter -->
<testsuite skipped="0" hostname="CDC2-D-6RFJH92" name="swadata.Newdata" tests="2" failures="0" timestamp="05 Dec 2019 09:40:09 GMT" time="0.013" errors="0">
  <testcase name="pavi" time="0.011" classname="swadata.Newdata"/>
  <testcase name="pavi" time="0.002" classname="swadata.Newdata"/>
</testsuite> <!-- swadata.Newdata -->
